0 info it worked if it ends with ok
1 verbose cli [ '/Users/marczenn/.nvm/versions/node/v5.8.0/bin/node',
1 verbose cli   '/Users/marczenn/.nvm/versions/node/v5.8.0/bin/npm',
1 verbose cli   'run',
1 verbose cli   'start:prod' ]
2 info using npm@3.7.3
3 info using node@v5.8.0
4 verbose run-script [ 'prestart:prod', 'start:prod', 'poststart:prod' ]
5 info lifecycle Kickfurther_Client_Side@1.0.0~prestart:prod: Kickfurther_Client_Side@1.0.0
6 silly lifecycle Kickfurther_Client_Side@1.0.0~prestart:prod: no script for prestart:prod, continuing
7 info lifecycle Kickfurther_Client_Side@1.0.0~start:prod: Kickfurther_Client_Side@1.0.0
8 verbose lifecycle Kickfurther_Client_Side@1.0.0~start:prod: unsafe-perm in lifecycle true
9 verbose lifecycle Kickfurther_Client_Side@1.0.0~start:prod: PATH: /Users/marczenn/.nvm/versions/node/v5.8.0/lib/node_modules/npm/bin/node-gyp-bin:/Users/marczenn/Desktop/KF_Client/node_modules/.bin:/Users/marczenn/.nvm/versions/node/v5.8.0/bin:/Users/marczenn/.nvm/versions/node/v5.8.0/lib/node_modules/npm/bin/node-gyp-bin:/Users/marczenn/Desktop/KF_Client/node_modules/.bin:/Users/marczenn/.nvm/versions/node/v5.8.0/bin:/Users/marczenn/Desktop/Golang/bin:/Users/marczenn/.nvm/versions/node/v5.8.0/bin:/usr/local/php5/bin:/usr/local/bin:/usr/bin:/bin:/usr/sbin:/sbin:/usr/local/go/bin:/Users/marczenn/Desktop/Golang/bin:/usr/local/php5/bin:/usr/local/go/bin
10 verbose lifecycle Kickfurther_Client_Side@1.0.0~start:prod: CWD: /Users/marczenn/Desktop/KF_Client
11 silly lifecycle Kickfurther_Client_Side@1.0.0~start:prod: Args: [ '-c', 'babel-node app/server.js --presets es2015,stage-2' ]
12 silly lifecycle Kickfurther_Client_Side@1.0.0~start:prod: Returned: code: 1  signal: null
13 info lifecycle Kickfurther_Client_Side@1.0.0~start:prod: Failed to exec start:prod script
14 verbose stack Error: Kickfurther_Client_Side@1.0.0 start:prod: `babel-node app/server.js --presets es2015,stage-2`
14 verbose stack Exit status 1
14 verbose stack     at EventEmitter.<anonymous> (/Users/marczenn/.nvm/versions/node/v5.8.0/lib/node_modules/npm/lib/utils/lifecycle.js:239:16)
14 verbose stack     at emitTwo (events.js:100:13)
14 verbose stack     at EventEmitter.emit (events.js:185:7)
14 verbose stack     at ChildProcess.<anonymous> (/Users/marczenn/.nvm/versions/node/v5.8.0/lib/node_modules/npm/lib/utils/spawn.js:24:14)
14 verbose stack     at emitTwo (events.js:100:13)
14 verbose stack     at ChildProcess.emit (events.js:185:7)
14 verbose stack     at maybeClose (internal/child_process.js:850:16)
14 verbose stack     at Process.ChildProcess._handle.onexit (internal/child_process.js:215:5)
15 verbose pkgid Kickfurther_Client_Side@1.0.0
16 verbose cwd /Users/marczenn/Desktop/KF_Client
17 error Darwin 15.6.0
18 error argv "/Users/marczenn/.nvm/versions/node/v5.8.0/bin/node" "/Users/marczenn/.nvm/versions/node/v5.8.0/bin/npm" "run" "start:prod"
19 error node v5.8.0
20 error npm  v3.7.3
21 error code ELIFECYCLE
22 error Kickfurther_Client_Side@1.0.0 start:prod: `babel-node app/server.js --presets es2015,stage-2`
22 error Exit status 1
23 error Failed at the Kickfurther_Client_Side@1.0.0 start:prod script 'babel-node app/server.js --presets es2015,stage-2'.
23 error Make sure you have the latest version of node.js and npm installed.
23 error If you do, this is most likely a problem with the Kickfurther_Client_Side package,
23 error not with npm itself.
23 error Tell the author that this fails on your system:
23 error     babel-node app/server.js --presets es2015,stage-2
23 error You can get information on how to open an issue for this project with:
23 error     npm bugs Kickfurther_Client_Side
23 error Or if that isn't available, you can get their info via:
23 error     npm owner ls Kickfurther_Client_Side
23 error There is likely additional logging output above.
24 verbose exit [ 1, true ]
